This file contains any messages produced by compilers while
running configure, to aid debugging if configure makes a mistake.

It was created by libffi configure 3.2.1, which was
generated by GNU Autoconf 2.69.  Invocation command line was

  $ .././configure --srcdir=.. --enable-builddir=x86_64-apple-darwin15.6.0 --enable-shared=no

## --------- ##
## Platform. ##
## --------- ##

hostname = yunxing-mbp.local
uname -m = x86_64
uname -r = 15.6.0
uname -s = Darwin
uname -v = Darwin Kernel Version 15.6.0: Mon Aug 29 20:21:34 PDT 2016; root:xnu-3248.60.11~1/RELEASE_X86_64

/usr/bin/uname -p = i386
/bin/uname -X     = unknown

/bin/arch              = unknown
/usr/bin/arch -k       = unknown
/usr/convex/getsysinfo = unknown
/usr/bin/hostinfo      = Mach kernel version:
	 Darwin Kernel Version 15.6.0: Mon Aug 29 20:21:34 PDT 2016; root:xnu-3248.60.11~1/RELEASE_X86_64
Kernel configured for up to 8 processors.
4 processors are physically available.
8 processors are logically available.
Processor type: x86_64h (Intel x86-64h Haswell)
Processors active: 0 1 2 3 4 5 6 7
Primary memory available: 16.00 gigabytes
Default processor set: 359 tasks, 2130 threads, 8 processors
Load average: 2.16, Mach factor: 5.83
/bin/machine           = unknown
/usr/bin/oslevel       = unknown
/bin/universe          = unknown

PATH: /Users/yunxing/programming/infer/node_modules/reason/_build/ocamlfind/bin
PATH: /Users/yunxing/programming/infer/node_modules/utop-actual/_build/ocamlfind/bin
PATH: /Users/yunxing/programming/infer/node_modules/lambda-term-actual/_build/ocamlfind/bin
PATH: /Users/yunxing/programming/infer/node_modules/zed-actual/_build/ocamlfind/bin
PATH: /Users/yunxing/programming/infer/node_modules/camomile-actual/_build/ocamlfind/bin
PATH: /Users/yunxing/programming/infer/node_modules/merlin-extend-actual/_build/ocamlfind/bin
PATH: /Users/yunxing/programming/infer/node_modules/BetterErrors-actual/_build/ocamlfind/bin
PATH: /Users/yunxing/programming/infer/node_modules/ANSITerminal-actual/_build/ocamlfind/bin
PATH: /Users/yunxing/programming/infer/node_modules/merlin-actual/_build/ocamlfind/bin
PATH: /Users/yunxing/programming/infer/node_modules/ocp-indent-actual/_build/ocamlfind/bin
PATH: /Users/yunxing/programming/infer/node_modules/cmdliner-actual/_build/ocamlfind/bin
PATH: /Users/yunxing/programming/infer/node_modules/ocp-build-actual/_build/ocamlfind/bin
PATH: /Users/yunxing/programming/infer/node_modules/typerex-build-actual/_build/ocamlfind/bin
PATH: /Users/yunxing/programming/infer/node_modules/atdgen-actual/_build/ocamlfind/bin
PATH: /Users/yunxing/programming/infer/node_modules/atd-actual/_build/ocamlfind/bin
PATH: /Users/yunxing/programming/infer/node_modules/menhir-actual/_build/ocamlfind/bin
PATH: /Users/yunxing/programming/infer/node_modules/yojson-actual/_build/ocamlfind/bin
PATH: /Users/yunxing/programming/infer/node_modules/biniou-actual/_build/ocamlfind/bin
PATH: /Users/yunxing/programming/infer/node_modules/easy-format-actual/_build/ocamlfind/bin
PATH: /Users/yunxing/programming/infer/node_modules/sawja-actual/_build/ocamlfind/bin
PATH: /Users/yunxing/programming/infer/node_modules/javalib-actual/_build/ocamlfind/bin
PATH: /Users/yunxing/programming/infer/node_modules/extlib-compat-actual/_build/ocamlfind/bin
PATH: /Users/yunxing/programming/infer/node_modules/camlzip-actual/_build/ocamlfind/bin
PATH: /Users/yunxing/programming/infer/node_modules/ctypes-actual/_build/ocamlfind/bin
PATH: /Users/yunxing/programming/infer/node_modules/conf-pkg-config-actual/_build/ocamlfind/bin
PATH: /Users/yunxing/programming/infer/node_modules/lwt-actual/_build/ocamlfind/bin
PATH: /Users/yunxing/programming/infer/node_modules/base-unix-actual/_build/ocamlfind/bin
PATH: /Users/yunxing/programming/infer/node_modules/conf-ncurses-actual/_build/ocamlfind/bin
PATH: /Users/yunxing/programming/infer/node_modules/camlp4-actual/_build/ocamlfind/bin
PATH: /Users/yunxing/programming/infer/node_modules/conf-which-actual/_build/ocamlfind/bin
PATH: /Users/yunxing/programming/infer/node_modules/react-actual/_build/ocamlfind/bin
PATH: /Users/yunxing/programming/infer/node_modules/base-threads-actual/_build/ocamlfind/bin
PATH: /Users/yunxing/programming/infer/node_modules/ctypes-foreign-actual/_build/ocamlfind/bin
PATH: /Users/yunxing/programming/infer/node_modules/core-actual/_build/ocamlfind/bin
PATH: /Users/yunxing/programming/infer/node_modules/core_kernel-actual/_build/ocamlfind/bin
PATH: /Users/yunxing/programming/infer/node_modules/ppx_jane-actual/_build/ocamlfind/bin
PATH: /Users/yunxing/programming/infer/node_modules/ppx_enumerate-actual/_build/ocamlfind/bin
PATH: /Users/yunxing/programming/infer/node_modules/ppx_pipebang-actual/_build/ocamlfind/bin
PATH: /Users/yunxing/programming/infer/node_modules/ppx_sexp_value-actual/_build/ocamlfind/bin
PATH: /Users/yunxing/programming/infer/node_modules/ppx_bin_prot-actual/_build/ocamlfind/bin
PATH: /Users/yunxing/programming/infer/node_modules/ppx_sexp_message-actual/_build/ocamlfind/bin
PATH: /Users/yunxing/programming/infer/node_modules/ppx_let-actual/_build/ocamlfind/bin
PATH: /Users/yunxing/programming/infer/node_modules/ppx_typerep_conv-actual/_build/ocamlfind/bin
PATH: /Users/yunxing/programming/infer/node_modules/typerep-actual/_build/ocamlfind/bin
PATH: /Users/yunxing/programming/infer/node_modules/ppx_fail-actual/_build/ocamlfind/bin
PATH: /Users/yunxing/programming/infer/node_modules/ppx_bench-actual/_build/ocamlfind/bin
PATH: /Users/yunxing/programming/infer/node_modules/bin_prot-actual/_build/ocamlfind/bin
PATH: /Users/yunxing/programming/infer/node_modules/ppx_expect-actual/_build/ocamlfind/bin
PATH: /Users/yunxing/programming/infer/node_modules/ppx_inline_test-actual/_build/ocamlfind/bin
PATH: /Users/yunxing/programming/infer/node_modules/ppx_assert-actual/_build/ocamlfind/bin
PATH: /Users/yunxing/programming/infer/node_modules/ppx_here-actual/_build/ocamlfind/bin
PATH: /Users/yunxing/programming/infer/node_modules/ppx_variants_conv-actual/_build/ocamlfind/bin
PATH: /Users/yunxing/programming/infer/node_modules/variantslib-actual/_build/ocamlfind/bin
PATH: /Users/yunxing/programming/infer/node_modules/ppx_fields_conv-actual/_build/ocamlfind/bin
PATH: /Users/yunxing/programming/infer/node_modules/fieldslib-actual/_build/ocamlfind/bin
PATH: /Users/yunxing/programming/infer/node_modules/ppx_compare-actual/_build/ocamlfind/bin
PATH: /Users/yunxing/programming/infer/node_modules/ppx_custom_printf-actual/_build/ocamlfind/bin
PATH: /Users/yunxing/programming/infer/node_modules/re-actual/_build/ocamlfind/bin
PATH: /Users/yunxing/programming/infer/node_modules/ppx_sexp_conv-actual/_build/ocamlfind/bin
PATH: /Users/yunxing/programming/infer/node_modules/ppx_type_conv-actual/_build/ocamlfind/bin
PATH: /Users/yunxing/programming/infer/node_modules/ppx_driver-actual/_build/ocamlfind/bin
PATH: /Users/yunxing/programming/infer/node_modules/ppx_optcomp-actual/_build/ocamlfind/bin
PATH: /Users/yunxing/programming/infer/node_modules/ppx_core-actual/_build/ocamlfind/bin
PATH: /Users/yunxing/programming/infer/node_modules/ppx_deriving-actual/_build/ocamlfind/bin
PATH: /Users/yunxing/programming/infer/node_modules/cppo-actual/_build/ocamlfind/bin
PATH: /Users/yunxing/programming/infer/node_modules/result-actual/_build/ocamlfind/bin
PATH: /Users/yunxing/programming/infer/node_modules/ounit-actual/_build/ocamlfind/bin
PATH: /Users/yunxing/programming/infer/node_modules/ppx_tools-actual/_build/ocamlfind/bin
PATH: /Users/yunxing/programming/infer/node_modules/sexplib-actual/_build/ocamlfind/bin
PATH: /Users/yunxing/programming/infer/node_modules/js-build-tools-actual/_build/ocamlfind/bin
PATH: /Users/yunxing/programming/infer/node_modules/ocamlfind-actual/_build/ocamlfind/bin
PATH: /Users/yunxing/programming/infer/node_modules/conf-m4-actual/_build/ocamlfind/bin
PATH: /Users/yunxing/programming/infer/node_modules/ocaml/bin
PATH: /Users/yunxing/programming/infer/node_modules/opam-installer-bin/_build/ocamlfind/bin
PATH: /Users/yunxing/programming/infer/node_modules/nopam
PATH: /opt/facebook/bin
PATH: /usr/local/bin
PATH: /usr/bin
PATH: /bin
PATH: /usr/sbin
PATH: /sbin
PATH: /opt/homebrew/bin
PATH: /opt/facebook/nuclide/latest/nuclide/pkg/fb-biggrep-cli/bin
PATH: /usr/local/go/bin
PATH: /opt/facebook/hg/bin
PATH: /usr/local/munki


## ----------- ##
## Core tests. ##
## ----------- ##

configure:2745: checking build system type
configure:2759: result: x86_64-apple-darwin15.6.0
configure:2779: checking host system type
configure:2792: result: x86_64-apple-darwin15.6.0
configure:2812: checking target system type
configure:2825: result: x86_64-apple-darwin15.6.0
configure:2922: checking for gsed
configure:2953: result: sed
configure:2981: checking for a BSD-compatible install
configure:3049: result: /usr/local/bin/ginstall -c
configure:3060: checking whether build environment is sane
configure:3115: result: yes
configure:3263: checking for a thread-safe mkdir -p
configure:3302: result: /usr/local/bin/gmkdir -p
configure:3309: checking for gawk
configure:3339: result: no
configure:3309: checking for mawk
configure:3339: result: no
configure:3309: checking for nawk
configure:3339: result: no
configure:3309: checking for awk
configure:3325: found /usr/bin/awk
configure:3336: result: awk
configure:3347: checking whether make sets $(MAKE)
configure:3369: result: yes
configure:3398: checking whether make supports nested variables
configure:3415: result: yes
configure:3558: checking for gcc
configure:3574: found /usr/bin/gcc
configure:3585: result: gcc
configure:3814: checking for C compiler version
configure:3823: gcc --version >&5
Apple LLVM version 7.0.2 (clang-700.1.81)
Target: x86_64-apple-darwin15.6.0
Thread model: posix
Configured with: --prefix=/Applications/Xcode.app/Contents/Developer/usr --with-gxx-include-dir=/usr/include/c++/4.2.1
configure:3834: $? = 0
configure:3823: gcc -v >&5
Configured with: --prefix=/Applications/Xcode.app/Contents/Developer/usr --with-gxx-include-dir=/usr/include/c++/4.2.1
Apple LLVM version 7.0.2 (clang-700.1.81)
Target: x86_64-apple-darwin15.6.0
Thread model: posix
configure:3834: $? = 0
configure:3823: gcc -V >&5
clang: error: argument to '-V' is missing (expected 1 value)
clang: error: no input files
configure:3834: $? = 1
configure:3823: gcc -qversion >&5
clang: error: unknown argument: '-qversion'
clang: error: no input files
configure:3834: $? = 1
configure:3854: checking whether the C compiler works
configure:3876: gcc    conftest.c  >&5
configure:3880: $? = 0
configure:3928: result: yes
configure:3931: checking for C compiler default output file name
configure:3933: result: a.out
configure:3939: checking for suffix of executables
configure:3946: gcc -o conftest    conftest.c  >&5
configure:3950: $? = 0
configure:3972: result: 
configure:3994: checking whether we are cross compiling
configure:4002: gcc -o conftest    conftest.c  >&5
configure:4006: $? = 0
configure:4013: ./conftest
configure:4017: $? = 0
configure:4032: result: no
configure:4037: checking for suffix of object files
configure:4059: gcc -c   conftest.c >&5
configure:4063: $? = 0
configure:4084: result: o
configure:4088: checking whether we are using the GNU C compiler
configure:4107: gcc -c   conftest.c >&5
configure:4107: $? = 0
configure:4116: result: yes
configure:4125: checking whether gcc accepts -g
configure:4145: gcc -c -g  conftest.c >&5
configure:4145: $? = 0
configure:4186: result: yes
configure:4203: checking for gcc option to accept ISO C89
configure:4266: gcc  -c -g -O2  conftest.c >&5
configure:4266: $? = 0
configure:4279: result: none needed
configure:4310: checking for style of include used by make
configure:4338: result: GNU
configure:4364: checking dependency style of gcc
configure:4475: result: gcc3
configure:4548: checking for g++
configure:4564: found /usr/bin/g++
configure:4575: result: g++
configure:4602: checking for C++ compiler version
configure:4611: g++ --version >&5
Apple LLVM version 7.0.2 (clang-700.1.81)
Target: x86_64-apple-darwin15.6.0
Thread model: posix
Configured with: --prefix=/Applications/Xcode.app/Contents/Developer/usr --with-gxx-include-dir=/usr/include/c++/4.2.1
configure:4622: $? = 0
configure:4611: g++ -v >&5
Configured with: --prefix=/Applications/Xcode.app/Contents/Developer/usr --with-gxx-include-dir=/usr/include/c++/4.2.1
Apple LLVM version 7.0.2 (clang-700.1.81)
Target: x86_64-apple-darwin15.6.0
Thread model: posix
configure:4622: $? = 0
configure:4611: g++ -V >&5
clang: error: argument to '-V' is missing (expected 1 value)
clang: error: no input files
configure:4622: $? = 1
configure:4611: g++ -qversion >&5
clang: error: unknown argument: '-qversion'
clang: error: no input files
configure:4622: $? = 1
configure:4626: checking whether we are using the GNU C++ compiler
configure:4645: g++ -c   conftest.cpp >&5
configure:4645: $? = 0
configure:4654: result: yes
configure:4663: checking whether g++ accepts -g
configure:4683: g++ -c -g  conftest.cpp >&5
configure:4683: $? = 0
configure:4724: result: yes
configure:4749: checking dependency style of g++
configure:4860: result: gcc3
configure:4890: checking dependency style of gcc
configure:4999: result: gcc3
configure:5015: checking whether gcc and cc understand -c and -o together
configure:5046: gcc -c conftest.c -o conftest2.o >&5
configure:5050: $? = 0
configure:5056: gcc -c conftest.c -o conftest2.o >&5
configure:5060: $? = 0
configure:5071: cc -c conftest.c >&5
configure:5075: $? = 0
configure:5083: cc -c conftest.c -o conftest2.o >&5
configure:5087: $? = 0
configure:5093: cc -c conftest.c -o conftest2.o >&5
configure:5097: $? = 0
configure:5115: result: yes
configure:5186: checking how to print strings
configure:5213: result: printf
configure:5234: checking for a sed that does not truncate output
configure:5298: result: /usr/bin/sed
configure:5316: checking for grep that handles long lines and -e
configure:5374: result: /usr/bin/grep
configure:5379: checking for egrep
configure:5441: result: /usr/bin/grep -E
configure:5446: checking for fgrep
configure:5508: result: /usr/bin/grep -F
configure:5543: checking for ld used by gcc
configure:5610: result: /Applications/Xcode.app/Contents/Developer/Toolchains/XcodeDefault.xctoolchain/usr/bin/ld
configure:5617: checking if the linker (/Applications/Xcode.app/Contents/Developer/Toolchains/XcodeDefault.xctoolchain/usr/bin/ld) is GNU ld
configure:5632: result: no
configure:5644: checking for BSD- or MS-compatible name lister (nm)
configure:5693: result: /usr/bin/nm
configure:5823: checking the name lister (/usr/bin/nm) interface
configure:5830: gcc -c   conftest.c >&5
configure:5833: /usr/bin/nm "conftest.o"
configure:5836: output
0000000000000000 S _some_variable
configure:5843: result: BSD nm
configure:5846: checking whether ln -s works
configure:5850: result: yes
configure:5858: checking the maximum length of command line arguments
configure:5988: result: 196608
configure:6005: checking whether the shell understands some XSI constructs
configure:6015: result: yes
configure:6019: checking whether the shell understands "+="
configure:6025: result: yes
configure:6060: checking how to convert x86_64-apple-darwin15.6.0 file names to x86_64-apple-darwin15.6.0 format
configure:6100: result: func_convert_file_noop
configure:6107: checking how to convert x86_64-apple-darwin15.6.0 file names to toolchain format
configure:6127: result: func_convert_file_noop
configure:6134: checking for /Applications/Xcode.app/Contents/Developer/Toolchains/XcodeDefault.xctoolchain/usr/bin/ld option to reload object files
configure:6141: result: -r
configure:6215: checking for objdump
configure:6245: result: no
configure:6274: checking how to recognize dependent libraries
configure:6476: result: pass_all
configure:6561: checking for dlltool
configure:6591: result: no
configure:6621: checking how to associate runtime and link libraries
configure:6648: result: printf %s\n
configure:6709: checking for ar
configure:6725: found /usr/bin/ar
configure:6736: result: ar
configure:6773: checking for archiver @FILE support
configure:6790: gcc -c   conftest.c >&5
configure:6790: $? = 0
configure:6793: ar cru libconftest.a @conftest.lst >&5
ar: @conftest.lst: No such file or directory
configure:6796: $? = 1
configure:6816: result: no
configure:6874: checking for strip
configure:6890: found /usr/bin/strip
configure:6901: result: strip
configure:6973: checking for ranlib
configure:6989: found /usr/bin/ranlib
configure:7000: result: ranlib
configure:7102: checking command to parse /usr/bin/nm output from gcc object
configure:7222: gcc -c   conftest.c >&5
configure:7225: $? = 0
configure:7229: /usr/bin/nm conftest.o \| sed -n -e 's/^.*[ ]\([BCDEGRST][BCDEGRST]*\)[ ][ ]*\([_A-Za-z][_A-Za-z0-9]*\)$/\1 \2 \2/p' | sed '/ __gnu_lto/d' \> conftest.nm
configure:7232: $? = 0
cannot find nm_test_var in conftest.nm
configure:7222: gcc -c   conftest.c >&5
configure:7225: $? = 0
configure:7229: /usr/bin/nm conftest.o \| sed -n -e 's/^.*[ ]\([BCDEGRST][BCDEGRST]*\)[ ][ ]*_\([_A-Za-z][_A-Za-z0-9]*\)$/\1 _\2 \2/p' | sed '/ __gnu_lto/d' \> conftest.nm
configure:7232: $? = 0
configure:7298: gcc -o conftest    conftest.c conftstm.o >&5
configure:7301: $? = 0
configure:7339: result: ok
configure:7376: checking for sysroot
configure:7406: result: no
configure:7662: checking for mt
configure:7692: result: no
configure:7712: checking if : is a manifest tool
configure:7718: : '-?'
configure:7726: result: no
configure:7782: checking for dsymutil
configure:7798: found /usr/bin/dsymutil
configure:7809: result: dsymutil
configure:7874: checking for nmedit
configure:7890: found /usr/bin/nmedit
configure:7901: result: nmedit
configure:7966: checking for lipo
configure:7982: found /usr/bin/lipo
configure:7993: result: lipo
configure:8058: checking for otool
configure:8074: found /usr/bin/otool
configure:8085: result: otool
configure:8150: checking for otool64
configure:8180: result: no
configure:8225: checking for -single_module linker flag
gcc   -o libconftest.dylib -dynamiclib -Wl,-single_module conftest.c
configure:8258: result: yes
configure:8261: checking for -exported_symbols_list linker flag
configure:8281: gcc -o conftest    -Wl,-exported_symbols_list,conftest.sym conftest.c  >&5
configure:8281: $? = 0
configure:8291: result: yes
configure:8294: checking for -force_load linker flag
gcc  -c -o conftest.o conftest.c
ar cru libconftest.a conftest.o
ranlib libconftest.a
gcc   -o conftest conftest.c -Wl,-force_load,./libconftest.a
configure:8326: result: yes
configure:8368: checking how to run the C preprocessor
configure:8399: gcc -E  conftest.c
configure:8399: $? = 0
configure:8413: gcc -E  conftest.c
conftest.c:11:10: fatal error: 'ac_nonexistent.h' file not found
#include <ac_nonexistent.h>
         ^
1 error generated.
configure:8413: $? = 1
configure: failed program was:
| /* confdefs.h */
| #define PACKAGE_NAME "libffi"
| #define PACKAGE_TARNAME "libffi"
| #define PACKAGE_VERSION "3.2.1"
| #define PACKAGE_STRING "libffi 3.2.1"
| #define PACKAGE_BUGREPORT "http://github.com/atgreen/libffi/issues"
| #define PACKAGE_URL ""
| #define PACKAGE "libffi"
| #define VERSION "3.2.1"
| /* end confdefs.h.  */
| #include <ac_nonexistent.h>
configure:8438: result: gcc -E
configure:8458: gcc -E  conftest.c
configure:8458: $? = 0
configure:8472: gcc -E  conftest.c
conftest.c:11:10: fatal error: 'ac_nonexistent.h' file not found
#include <ac_nonexistent.h>
         ^
1 error generated.
configure:8472: $? = 1
configure: failed program was:
| /* confdefs.h */
| #define PACKAGE_NAME "libffi"
| #define PACKAGE_TARNAME "libffi"
| #define PACKAGE_VERSION "3.2.1"
| #define PACKAGE_STRING "libffi 3.2.1"
| #define PACKAGE_BUGREPORT "http://github.com/atgreen/libffi/issues"
| #define PACKAGE_URL ""
| #define PACKAGE "libffi"
| #define VERSION "3.2.1"
| /* end confdefs.h.  */
| #include <ac_nonexistent.h>
configure:8501: checking for ANSI C header files
configure:8521: gcc -c   conftest.c >&5
configure:8521: $? = 0
configure:8594: gcc -o conftest    conftest.c  >&5
configure:8594: $? = 0
configure:8594: ./conftest
configure:8594: $? = 0
configure:8605: result: yes
configure:8618: checking for sys/types.h
configure:8618: gcc -c   conftest.c >&5
configure:8618: $? = 0
configure:8618: result: yes
configure:8618: checking for sys/stat.h
configure:8618: gcc -c   conftest.c >&5
configure:8618: $? = 0
configure:8618: result: yes
configure:8618: checking for stdlib.h
configure:8618: gcc -c   conftest.c >&5
configure:8618: $? = 0
configure:8618: result: yes
configure:8618: checking for string.h
configure:8618: gcc -c   conftest.c >&5
configure:8618: $? = 0
configure:8618: result: yes
configure:8618: checking for memory.h
configure:8618: gcc -c   conftest.c >&5
configure:8618: $? = 0
configure:8618: result: yes
configure:8618: checking for strings.h
configure:8618: gcc -c   conftest.c >&5
configure:8618: $? = 0
configure:8618: result: yes
configure:8618: checking for inttypes.h
configure:8618: gcc -c   conftest.c >&5
configure:8618: $? = 0
configure:8618: result: yes
configure:8618: checking for stdint.h
configure:8618: gcc -c   conftest.c >&5
configure:8618: $? = 0
configure:8618: result: yes
configure:8618: checking for unistd.h
configure:8618: gcc -c   conftest.c >&5
configure:8618: $? = 0
configure:8618: result: yes
configure:8632: checking for dlfcn.h
configure:8632: gcc -c   conftest.c >&5
configure:8632: $? = 0
configure:8632: result: yes
configure:8849: checking for objdir
configure:8864: result: .libs
configure:9135: checking if gcc supports -fno-rtti -fno-exceptions
configure:9153: gcc -c   -fno-rtti -fno-exceptions conftest.c >&5
configure:9157: $? = 0
configure:9170: result: yes
configure:9497: checking for gcc option to produce PIC
configure:9504: result: -fno-common -DPIC
configure:9512: checking if gcc PIC flag -fno-common -DPIC works
configure:9530: gcc -c   -fno-common -DPIC -DPIC conftest.c >&5
configure:9534: $? = 0
configure:9547: result: yes
configure:9576: checking if gcc static flag -static works
configure:9604: result: no
configure:9619: checking if gcc supports -c -o file.o
configure:9640: gcc -c   -o out/conftest2.o conftest.c >&5
configure:9644: $? = 0
configure:9666: result: yes
configure:9674: checking if gcc supports -c -o file.o
configure:9721: result: yes
configure:9754: checking whether the gcc linker (/Applications/Xcode.app/Contents/Developer/Toolchains/XcodeDefault.xctoolchain/usr/bin/ld) supports shared libraries
configure:10907: result: yes
configure:11147: checking dynamic linker characteristics
configure:11884: result: darwin15.6.0 dyld
configure:11991: checking how to hardcode library paths into programs
configure:12016: result: immediate
configure:12556: checking whether stripping libraries is possible
configure:12570: result: yes
configure:12596: checking if libtool supports shared libraries
configure:12598: result: yes
configure:12601: checking whether to build shared libraries
configure:12622: result: no
configure:12625: checking whether to build static libraries
configure:12629: result: yes
configure:12652: checking how to run the C++ preprocessor
configure:12679: g++ -E  conftest.cpp
configure:12679: $? = 0

## ---------------- ##
## Cache variables. ##
## ---------------- ##

ac_cv_build=x86_64-apple-darwin15.6.0
ac_cv_c_compiler_gnu=yes
ac_cv_cxx_compiler_gnu=yes
ac_cv_env_CCASFLAGS_set=
ac_cv_env_CCASFLAGS_value=
ac_cv_env_CCAS_set=
ac_cv_env_CCAS_value=
ac_cv_env_CPPFLAGS_set=
ac_cv_env_CPPFLAGS_value=
ac_cv_env_CPP_set=
ac_cv_env_CPP_value=
ac_cv_env_CXXCPP_set=
ac_cv_env_CXXCPP_value=
ac_cv_env_build_alias_set=
ac_cv_env_build_alias_value=
ac_cv_env_host_alias_set=
ac_cv_env_host_alias_value=
ac_cv_env_target_alias_set=
ac_cv_env_target_alias_value=
ac_cv_header_dlfcn_h=yes
ac_cv_header_inttypes_h=yes
ac_cv_header_memory_h=yes
ac_cv_header_stdc=yes
ac_cv_header_stdint_h=yes
ac_cv_header_stdlib_h=yes
ac_cv_header_string_h=yes
ac_cv_header_strings_h=yes
ac_cv_header_sys_stat_h=yes
ac_cv_header_sys_types_h=yes
ac_cv_header_unistd_h=yes
ac_cv_host=x86_64-apple-darwin15.6.0
ac_cv_objext=o
ac_cv_path_EGREP='/usr/bin/grep -E'
ac_cv_path_FGREP='/usr/bin/grep -F'
ac_cv_path_GREP=/usr/bin/grep
ac_cv_path_SED=/usr/bin/sed
ac_cv_path_ax_enable_builddir_sed=sed
ac_cv_path_install='/usr/local/bin/ginstall -c'
ac_cv_path_mkdir=/usr/local/bin/gmkdir
ac_cv_prog_AWK=awk
ac_cv_prog_CPP='gcc -E'
ac_cv_prog_ac_ct_AR=ar
ac_cv_prog_ac_ct_CC=gcc
ac_cv_prog_ac_ct_CXX=g++
ac_cv_prog_ac_ct_DSYMUTIL=dsymutil
ac_cv_prog_ac_ct_LIPO=lipo
ac_cv_prog_ac_ct_NMEDIT=nmedit
ac_cv_prog_ac_ct_OTOOL=otool
ac_cv_prog_ac_ct_RANLIB=ranlib
ac_cv_prog_ac_ct_STRIP=strip
ac_cv_prog_cc_c89=
ac_cv_prog_cc_g=yes
ac_cv_prog_cc_gcc_c_o=yes
ac_cv_prog_cxx_g=yes
ac_cv_prog_make_make_set=yes
ac_cv_target=x86_64-apple-darwin15.6.0
am_cv_CCAS_dependencies_compiler_type=gcc3
am_cv_CC_dependencies_compiler_type=gcc3
am_cv_CXX_dependencies_compiler_type=gcc3
am_cv_make_support_nested_variables=yes
lt_cv_apple_cc_single_mod=yes
lt_cv_ar_at_file=no
lt_cv_deplibs_check_method=pass_all
lt_cv_file_magic_cmd='$MAGIC_CMD'
lt_cv_file_magic_test_file=
lt_cv_ld_exported_symbols_list=yes
lt_cv_ld_force_load=yes
lt_cv_ld_reload_flag=-r
lt_cv_nm_interface='BSD nm'
lt_cv_objdir=.libs
lt_cv_path_LD=/Applications/Xcode.app/Contents/Developer/Toolchains/XcodeDefault.xctoolchain/usr/bin/ld
lt_cv_path_NM=/usr/bin/nm
lt_cv_path_mainfest_tool=no
lt_cv_prog_compiler_c_o=yes
lt_cv_prog_compiler_pic='-fno-common -DPIC'
lt_cv_prog_compiler_pic_works=yes
lt_cv_prog_compiler_rtti_exceptions=yes
lt_cv_prog_compiler_static_works=no
lt_cv_prog_gnu_ld=no
lt_cv_sharedlib_from_linklib_cmd='printf %s\n'
lt_cv_sys_global_symbol_pipe='sed -n -e '\''s/^.*[	 ]\([BCDEGRST][BCDEGRST]*\)[	 ][	 ]*_\([_A-Za-z][_A-Za-z0-9]*\)$/\1 _\2 \2/p'\'' | sed '\''/ __gnu_lto/d'\'''
lt_cv_sys_global_symbol_to_c_name_address='sed -n -e '\''s/^: \([^ ]*\)[ ]*$/  {\"\1\", (void *) 0},/p'\'' -e '\''s/^[BCDEGRST]* \([^ ]*\) \([^ ]*\)$/  {"\2", (void *) \&\2},/p'\'''
lt_cv_sys_global_symbol_to_c_name_address_lib_prefix='sed -n -e '\''s/^: \([^ ]*\)[ ]*$/  {\"\1\", (void *) 0},/p'\'' -e '\''s/^[BCDEGRST]* \([^ ]*\) \(lib[^ ]*\)$/  {"\2", (void *) \&\2},/p'\'' -e '\''s/^[BCDEGRST]* \([^ ]*\) \([^ ]*\)$/  {"lib\2", (void *) \&\2},/p'\'''
lt_cv_sys_global_symbol_to_cdecl='sed -n -e '\''s/^T .* \(.*\)$/extern int \1();/p'\'' -e '\''s/^[BCDEGRST]* .* \(.*\)$/extern char \1;/p'\'''
lt_cv_sys_max_cmd_len=196608
lt_cv_to_host_file_cmd=func_convert_file_noop
lt_cv_to_tool_file_cmd=func_convert_file_noop

## ----------------- ##
## Output variables. ##
## ----------------- ##

AARCH64_FALSE=''
AARCH64_TRUE=''
ACLOCAL='${SHELL} /Users/yunxing/programming/libffi/missing aclocal-1.13'
ALLOCA=''
ALPHA_FALSE=''
ALPHA_TRUE=''
AMDEPBACKSLASH='\'
AMDEP_FALSE='#'
AMDEP_TRUE=''
AMTAR='$${TAR-tar}'
AM_BACKSLASH='\'
AM_DEFAULT_V='$(AM_DEFAULT_VERBOSITY)'
AM_DEFAULT_VERBOSITY='1'
AM_LTLDFLAGS=''
AM_RUNTESTFLAGS=''
AM_V='$(V)'
AR='ar'
ARC_FALSE=''
ARC_TRUE=''
ARM_FALSE=''
ARM_TRUE=''
AUTOCONF='${SHELL} /Users/yunxing/programming/libffi/missing autoconf'
AUTOHEADER='${SHELL} /Users/yunxing/programming/libffi/missing autoheader'
AUTOMAKE='${SHELL} /Users/yunxing/programming/libffi/missing automake-1.13'
AVR32_FALSE=''
AVR32_TRUE=''
AWK='awk'
BFIN_FALSE=''
BFIN_TRUE=''
CC='gcc'
CCAS='gcc'
CCASDEPMODE='depmode=gcc3'
CCASFLAGS=''
CCDEPMODE='depmode=gcc3'
CFLAGS=''
CPP='gcc -E'
CPPFLAGS=''
CXX='g++'
CXXCPP='g++ -E'
CXXDEPMODE='depmode=gcc3'
CXXFLAGS='-g -O2'
CYGPATH_W='echo'
DEFS=''
DEPDIR='.deps'
DLLTOOL='false'
DSYMUTIL='dsymutil'
DUMPBIN=''
ECHO_C='\c'
ECHO_N=''
ECHO_T=''
EGREP='/usr/bin/grep -E'
EXEEXT=''
FFI_DEBUG_FALSE=''
FFI_DEBUG_TRUE=''
FFI_EXEC_TRAMPOLINE_TABLE=''
FFI_EXEC_TRAMPOLINE_TABLE_FALSE=''
FFI_EXEC_TRAMPOLINE_TABLE_TRUE=''
FGREP='/usr/bin/grep -F'
FRV_FALSE=''
FRV_TRUE=''
GREP='/usr/bin/grep'
HAVE_LONG_DOUBLE=''
HAVE_LONG_DOUBLE_VARIANT=''
IA64_FALSE=''
IA64_TRUE=''
INSTALL_DATA='${INSTALL} -m 644'
INSTALL_PROGRAM='${INSTALL}'
INSTALL_SCRIPT='${INSTALL}'
INSTALL_STRIP_PROGRAM='$(install_sh) -c -s'
LD='/Applications/Xcode.app/Contents/Developer/Toolchains/XcodeDefault.xctoolchain/usr/bin/ld'
LDFLAGS=''
LIBFFI_CRIS_FALSE=''
LIBFFI_CRIS_TRUE=''
LIBOBJS=''
LIBS=''
LIBTOOL='$(SHELL) $(top_builddir)/libtool'
LIPO='lipo'
LN_S='ln -s'
LTLIBOBJS=''
M32R_FALSE=''
M32R_TRUE=''
M68K_FALSE=''
M68K_TRUE=''
M88K_FALSE=''
M88K_TRUE=''
MAINT=''
MAINTAINER_MODE_FALSE=''
MAINTAINER_MODE_TRUE=''
MAKEINFO='${SHELL} /Users/yunxing/programming/libffi/missing makeinfo'
MANIFEST_TOOL=':'
METAG_FALSE=''
METAG_TRUE=''
MICROBLAZE_FALSE=''
MICROBLAZE_TRUE=''
MIPS_FALSE=''
MIPS_TRUE=''
MKDIR_P='/usr/local/bin/gmkdir -p'
MOXIE_FALSE=''
MOXIE_TRUE=''
NIOS2_FALSE=''
NIOS2_TRUE=''
NM='/usr/bin/nm'
NMEDIT='nmedit'
OBJDUMP='false'
OBJEXT='o'
OR1K_FALSE=''
OR1K_TRUE=''
OTOOL64=':'
OTOOL='otool'
PA64_HPUX_FALSE=''
PA64_HPUX_TRUE=''
PACKAGE='libffi'
PACKAGE_BUGREPORT='http://github.com/atgreen/libffi/issues'
PACKAGE_NAME='libffi'
PACKAGE_STRING='libffi 3.2.1'
PACKAGE_TARNAME='libffi'
PACKAGE_URL=''
PACKAGE_VERSION='3.2.1'
PATH_SEPARATOR=':'
PA_HPUX_FALSE=''
PA_HPUX_TRUE=''
PA_LINUX_FALSE=''
PA_LINUX_TRUE=''
POWERPC_AIX_FALSE=''
POWERPC_AIX_TRUE=''
POWERPC_DARWIN_FALSE=''
POWERPC_DARWIN_TRUE=''
POWERPC_FALSE=''
POWERPC_FREEBSD_FALSE=''
POWERPC_FREEBSD_TRUE=''
POWERPC_TRUE=''
PRTDIAG=''
RANLIB='ranlib'
S390_FALSE=''
S390_TRUE=''
SED='/usr/bin/sed'
SET_MAKE=''
SH64_FALSE=''
SH64_TRUE=''
SHELL='/bin/sh'
SH_FALSE=''
SH_TRUE=''
SPARC_FALSE=''
SPARC_TRUE=''
STRIP='strip'
TARGET=''
TARGETDIR=''
TESTSUBDIR_FALSE=''
TESTSUBDIR_TRUE=''
TILE_FALSE=''
TILE_TRUE=''
VAX_FALSE=''
VAX_TRUE=''
VERSION='3.2.1'
X86_64_FALSE=''
X86_64_TRUE=''
X86_DARWIN32_FALSE=''
X86_DARWIN32_TRUE=''
X86_DARWIN64_FALSE=''
X86_DARWIN64_TRUE=''
X86_DARWIN_FALSE=''
X86_DARWIN_TRUE=''
X86_FALSE=''
X86_FREEBSD_FALSE=''
X86_FREEBSD_TRUE=''
X86_TRUE=''
X86_WIN32_FALSE=''
X86_WIN32_TRUE=''
X86_WIN64_FALSE=''
X86_WIN64_TRUE=''
XTENSA_FALSE=''
XTENSA_TRUE=''
ac_ct_AR='ar'
ac_ct_CC='gcc'
ac_ct_CXX='g++'
ac_ct_DUMPBIN=''
am__EXEEXT_FALSE=''
am__EXEEXT_TRUE=''
am__fastdepCCAS_FALSE='#'
am__fastdepCCAS_TRUE=''
am__fastdepCC_FALSE='#'
am__fastdepCC_TRUE=''
am__fastdepCXX_FALSE='#'
am__fastdepCXX_TRUE=''
am__include='include'
am__isrc=' -I$(srcdir)'
am__leading_dot='.'
am__nodep='_no'
am__quote=''
am__tar='$${TAR-tar} chof - "$$tardir"'
am__untar='$${TAR-tar} xf -'
ax_enable_builddir_sed='sed'
bindir='${exec_prefix}/bin'
build='x86_64-apple-darwin15.6.0'
build_alias=''
build_cpu='x86_64'
build_os='darwin15.6.0'
build_vendor='apple'
datadir='${datarootdir}'
datarootdir='${prefix}/share'
docdir='${datarootdir}/doc/${PACKAGE_TARNAME}'
dvidir='${docdir}'
exec_prefix='NONE'
host='x86_64-apple-darwin15.6.0'
host_alias=''
host_cpu='x86_64'
host_os='darwin15.6.0'
host_vendor='apple'
htmldir='${docdir}'
includedir='${prefix}/include'
infodir='${datarootdir}/info'
install_sh='${SHELL} /Users/yunxing/programming/libffi/install-sh'
libdir='${exec_prefix}/lib'
libexecdir='${exec_prefix}/libexec'
localedir='${datarootdir}/locale'
localstatedir='${prefix}/var'
mandir='${datarootdir}/man'
mkdir_p='$(MKDIR_P)'
oldincludedir='/usr/include'
pdfdir='${docdir}'
prefix='NONE'
program_transform_name='s,x,x,'
psdir='${docdir}'
sbindir='${exec_prefix}/sbin'
sharedstatedir='${prefix}/com'
sys_symbol_underscore=''
sysconfdir='${prefix}/etc'
target='x86_64-apple-darwin15.6.0'
target_alias=''
target_cpu='x86_64'
target_os='darwin15.6.0'
target_vendor='apple'
toolexecdir=''
toolexeclibdir=''

## ----------- ##
## confdefs.h. ##
## ----------- ##

/* confdefs.h */
#define PACKAGE_NAME "libffi"
#define PACKAGE_TARNAME "libffi"
#define PACKAGE_VERSION "3.2.1"
#define PACKAGE_STRING "libffi 3.2.1"
#define PACKAGE_BUGREPORT "http://github.com/atgreen/libffi/issues"
#define PACKAGE_URL ""
#define PACKAGE "libffi"
#define VERSION "3.2.1"
#define STDC_HEADERS 1
#define HAVE_SYS_TYPES_H 1
#define HAVE_SYS_STAT_H 1
#define HAVE_STDLIB_H 1
#define HAVE_STRING_H 1
#define HAVE_MEMORY_H 1
#define HAVE_STRINGS_H 1
#define HAVE_INTTYPES_H 1
#define HAVE_STDINT_H 1
#define HAVE_UNISTD_H 1
#define HAVE_DLFCN_H 1
#define LT_OBJDIR ".libs/"

configure: caught signal 2
configure: exit 1

## ---------------- ##
## Cache variables. ##
## ---------------- ##

ac_cv_build=x86_64-apple-darwin15.6.0
ac_cv_env_CCASFLAGS_set=
ac_cv_env_CCASFLAGS_value=
ac_cv_env_CCAS_set=
ac_cv_env_CCAS_value=
ac_cv_env_CPPFLAGS_set=
ac_cv_env_CPPFLAGS_value=
ac_cv_env_CPP_set=
ac_cv_env_CPP_value=
ac_cv_env_CXXCPP_set=
ac_cv_env_CXXCPP_value=
ac_cv_env_build_alias_set=
ac_cv_env_build_alias_value=
ac_cv_env_host_alias_set=
ac_cv_env_host_alias_value=
ac_cv_env_target_alias_set=
ac_cv_env_target_alias_value=
ac_cv_host=x86_64-apple-darwin15.6.0
ac_cv_target=x86_64-apple-darwin15.6.0

## ----------------- ##
## Output variables. ##
## ----------------- ##

AARCH64_FALSE=''
AARCH64_TRUE=''
ACLOCAL=''
ALLOCA=''
ALPHA_FALSE=''
ALPHA_TRUE=''
AMDEPBACKSLASH=''
AMDEP_FALSE=''
AMDEP_TRUE=''
AMTAR=''
AM_BACKSLASH=''
AM_DEFAULT_V=''
AM_DEFAULT_VERBOSITY=''
AM_LTLDFLAGS=''
AM_RUNTESTFLAGS=''
AM_V=''
AR=''
ARC_FALSE=''
ARC_TRUE=''
ARM_FALSE=''
ARM_TRUE=''
AUTOCONF=''
AUTOHEADER=''
AUTOMAKE=''
AVR32_FALSE=''
AVR32_TRUE=''
AWK=''
BFIN_FALSE=''
BFIN_TRUE=''
CC=''
CCAS=''
CCASDEPMODE=''
CCASFLAGS=''
CCDEPMODE=''
CFLAGS=''
CPP=''
CPPFLAGS=''
CXX=''
CXXCPP=''
CXXDEPMODE=''
CXXFLAGS=''
CYGPATH_W=''
DEFS=''
DEPDIR=''
DLLTOOL=''
DSYMUTIL=''
DUMPBIN=''
ECHO_C='\c'
ECHO_N=''
ECHO_T=''
EGREP=''
EXEEXT=''
FFI_DEBUG_FALSE=''
FFI_DEBUG_TRUE=''
FFI_EXEC_TRAMPOLINE_TABLE=''
FFI_EXEC_TRAMPOLINE_TABLE_FALSE=''
FFI_EXEC_TRAMPOLINE_TABLE_TRUE=''
FGREP=''
FRV_FALSE=''
FRV_TRUE=''
GREP=''
HAVE_LONG_DOUBLE=''
HAVE_LONG_DOUBLE_VARIANT=''
IA64_FALSE=''
IA64_TRUE=''
INSTALL_DATA=''
INSTALL_PROGRAM=''
INSTALL_SCRIPT=''
INSTALL_STRIP_PROGRAM=''
LD=''
LDFLAGS=''
LIBFFI_CRIS_FALSE=''
LIBFFI_CRIS_TRUE=''
LIBOBJS=''
LIBS=''
LIBTOOL=''
LIPO=''
LN_S=''
LTLIBOBJS=''
M32R_FALSE=''
M32R_TRUE=''
M68K_FALSE=''
M68K_TRUE=''
M88K_FALSE=''
M88K_TRUE=''
MAINT=''
MAINTAINER_MODE_FALSE=''
MAINTAINER_MODE_TRUE=''
MAKEINFO=''
MANIFEST_TOOL=''
METAG_FALSE=''
METAG_TRUE=''
MICROBLAZE_FALSE=''
MICROBLAZE_TRUE=''
MIPS_FALSE=''
MIPS_TRUE=''
MKDIR_P=''
MOXIE_FALSE=''
MOXIE_TRUE=''
NIOS2_FALSE=''
NIOS2_TRUE=''
NM=''
NMEDIT=''
OBJDUMP=''
OBJEXT=''
OR1K_FALSE=''
OR1K_TRUE=''
OTOOL64=''
OTOOL=''
PA64_HPUX_FALSE=''
PA64_HPUX_TRUE=''
PACKAGE=''
PACKAGE_BUGREPORT='http://github.com/atgreen/libffi/issues'
PACKAGE_NAME='libffi'
PACKAGE_STRING='libffi 3.2.1'
PACKAGE_TARNAME='libffi'
PACKAGE_URL=''
PACKAGE_VERSION='3.2.1'
PATH_SEPARATOR=':'
PA_HPUX_FALSE=''
PA_HPUX_TRUE=''
PA_LINUX_FALSE=''
PA_LINUX_TRUE=''
POWERPC_AIX_FALSE=''
POWERPC_AIX_TRUE=''
POWERPC_DARWIN_FALSE=''
POWERPC_DARWIN_TRUE=''
POWERPC_FALSE=''
POWERPC_FREEBSD_FALSE=''
POWERPC_FREEBSD_TRUE=''
POWERPC_TRUE=''
PRTDIAG=''
RANLIB=''
S390_FALSE=''
S390_TRUE=''
SED=''
SET_MAKE=''
SH64_FALSE=''
SH64_TRUE=''
SHELL='/bin/sh'
SH_FALSE=''
SH_TRUE=''
SPARC_FALSE=''
SPARC_TRUE=''
STRIP=''
TARGET='x86_64-apple-darwin15.6.0'
TARGETDIR=''
TESTSUBDIR_FALSE=''
TESTSUBDIR_TRUE=''
TILE_FALSE=''
TILE_TRUE=''
VAX_FALSE=''
VAX_TRUE=''
VERSION=''
X86_64_FALSE=''
X86_64_TRUE=''
X86_DARWIN32_FALSE=''
X86_DARWIN32_TRUE=''
X86_DARWIN64_FALSE=''
X86_DARWIN64_TRUE=''
X86_DARWIN_FALSE=''
X86_DARWIN_TRUE=''
X86_FALSE=''
X86_FREEBSD_FALSE=''
X86_FREEBSD_TRUE=''
X86_TRUE=''
X86_WIN32_FALSE=''
X86_WIN32_TRUE=''
X86_WIN64_FALSE=''
X86_WIN64_TRUE=''
XTENSA_FALSE=''
XTENSA_TRUE=''
ac_ct_AR=''
ac_ct_CC=''
ac_ct_CXX=''
ac_ct_DUMPBIN=''
am__EXEEXT_FALSE=''
am__EXEEXT_TRUE=''
am__fastdepCCAS_FALSE=''
am__fastdepCCAS_TRUE=''
am__fastdepCC_FALSE=''
am__fastdepCC_TRUE=''
am__fastdepCXX_FALSE=''
am__fastdepCXX_TRUE=''
am__include=''
am__isrc=''
am__leading_dot=''
am__nodep=''
am__quote=''
am__tar=''
am__untar=''
ax_enable_builddir_sed=''
bindir='${exec_prefix}/bin'
build='x86_64-apple-darwin15.6.0'
build_alias=''
build_cpu='x86_64'
build_os='darwin15.6.0'
build_vendor='apple'
datadir='${datarootdir}'
datarootdir='${prefix}/share'
docdir='${datarootdir}/doc/${PACKAGE_TARNAME}'
dvidir='${docdir}'
exec_prefix='NONE'
host='x86_64-apple-darwin15.6.0'
host_alias=''
host_cpu='x86_64'
host_os='darwin15.6.0'
host_vendor='apple'
htmldir='${docdir}'
includedir='${prefix}/include'
infodir='${datarootdir}/info'
install_sh=''
libdir='${exec_prefix}/lib'
libexecdir='${exec_prefix}/libexec'
localedir='${datarootdir}/locale'
localstatedir='${prefix}/var'
mandir='${datarootdir}/man'
mkdir_p=''
oldincludedir='/usr/include'
pdfdir='${docdir}'
prefix='NONE'
program_transform_name='s,x,x,'
psdir='${docdir}'
sbindir='${exec_prefix}/sbin'
sharedstatedir='${prefix}/com'
sys_symbol_underscore=''
sysconfdir='${prefix}/etc'
target='x86_64-apple-darwin15.6.0'
target_alias=''
target_cpu='x86_64'
target_os='darwin15.6.0'
target_vendor='apple'
toolexecdir=''
toolexeclibdir=''

configure: caught signal 2
configure: exit 1
